2021-12-10 22:09:12.952 [main] INFO  c.e.springlogsample.SpringLogSampleApplication - Starting SpringLogSampleApplication using Java 1.8.0_282 on MSI with PID 13220 (D:\JavaWorkspace\spring-log-sample\target\classes started by phillip in D:\JavaWorkspace\spring-log-sample)
2021-12-10 22:09:12.954 [main] INFO  c.e.springlogsample.SpringLogSampleApplication - No active profile set, falling back to default profiles: default
2021-12-10 22:09:13.449 [main] INFO  o.s.boot.web.embedded.tomcat.TomcatWebServer - Tomcat initialized with port(s): 8080 (http)
2021-12-10 22:09:13.454 [main] INFO  org.apache.catalina.core.StandardService - Starting service [Tomcat]
2021-12-10 22:09:13.455 [main] INFO  org.apache.catalina.core.StandardEngine - Starting Servlet engine: [Apache Tomcat/9.0.53]
2021-12-10 22:09:13.518 [main] INFO  o.a.c.core.ContainerBase.[Tomcat].[localhost].[/] - Initializing Spring embedded WebApplicationContext
2021-12-10 22:09:13.518 [main] INFO  o.s.b.w.s.c.ServletWebServerApplicationContext - Root WebApplicationContext: initialization completed in 538 ms
2021-12-10 22:09:13.623 [main] DEBUG o.s.w.s.m.m.a.RequestMappingHandlerAdapter - ControllerAdvice beans: 0 @ModelAttribute, 0 @InitBinder, 1 RequestBodyAdvice, 1 ResponseBodyAdvice
2021-12-10 22:09:13.656 [main] DEBUG o.s.w.s.m.m.a.RequestMappingHandlerMapping - 2 mappings in 'requestMappingHandlerMapping'
2021-12-10 22:09:13.671 [main] DEBUG o.s.web.servlet.handler.SimpleUrlHandlerMapping - Patterns [/webjars/**, /**] in 'resourceHandlerMapping'
2021-12-10 22:09:13.676 [main] DEBUG o.s.w.s.m.m.a.ExceptionHandlerExceptionResolver - ControllerAdvice beans: 0 @ExceptionHandler, 1 ResponseBodyAdvice
2021-12-10 22:09:13.722 [main] INFO  o.s.boot.web.embedded.tomcat.TomcatWebServer - Tomcat started on port(s): 8080 (http) with context path ''
2021-12-10 22:09:13.729 [main] INFO  c.e.springlogsample.SpringLogSampleApplication - Started SpringLogSampleApplication in 1.072 seconds (JVM running for 1.56)
2021-12-10 22:09:31.551 [main] INFO  c.e.springlogsample.SpringLogSampleApplication - Starting SpringLogSampleApplication using Java 1.8.0_282 on MSI with PID 264 (D:\JavaWorkspace\spring-log-sample\target\classes started by phillip in D:\JavaWorkspace\spring-log-sample)
2021-12-10 22:09:31.554 [main] INFO  c.e.springlogsample.SpringLogSampleApplication - No active profile set, falling back to default profiles: default
2021-12-10 22:09:32.071 [main] INFO  o.s.boot.web.embedded.tomcat.TomcatWebServer - Tomcat initialized with port(s): 8080 (http)
2021-12-10 22:09:32.077 [main] INFO  org.apache.catalina.core.StandardService - Starting service [Tomcat]
2021-12-10 22:09:32.077 [main] INFO  org.apache.catalina.core.StandardEngine - Starting Servlet engine: [Apache Tomcat/9.0.53]
2021-12-10 22:09:32.127 [main] INFO  o.a.c.core.ContainerBase.[Tomcat].[localhost].[/] - Initializing Spring embedded WebApplicationContext
2021-12-10 22:09:32.127 [main] INFO  o.s.b.w.s.c.ServletWebServerApplicationContext - Root WebApplicationContext: initialization completed in 544 ms
2021-12-10 22:09:32.229 [main] DEBUG o.s.w.s.m.m.a.RequestMappingHandlerAdapter - ControllerAdvice beans: 0 @ModelAttribute, 0 @InitBinder, 1 RequestBodyAdvice, 1 ResponseBodyAdvice
2021-12-10 22:09:32.261 [main] DEBUG o.s.w.s.m.m.a.RequestMappingHandlerMapping - 2 mappings in 'requestMappingHandlerMapping'
2021-12-10 22:09:32.278 [main] DEBUG o.s.web.servlet.handler.SimpleUrlHandlerMapping - Patterns [/webjars/**, /**] in 'resourceHandlerMapping'
2021-12-10 22:09:32.284 [main] DEBUG o.s.w.s.m.m.a.ExceptionHandlerExceptionResolver - ControllerAdvice beans: 0 @ExceptionHandler, 1 ResponseBodyAdvice
2021-12-10 22:09:32.325 [main] INFO  o.s.boot.web.embedded.tomcat.TomcatWebServer - Tomcat started on port(s): 8080 (http) with context path ''
2021-12-10 22:09:32.331 [main] INFO  c.e.springlogsample.SpringLogSampleApplication - Started SpringLogSampleApplication in 1.08 seconds (JVM running for 1.552)
